<?xml version="1.0" encoding="UTF-8"?>
<!-- Generated by org.testng.reporters.JUnitReportReporter -->
<testsuite skipped="0" hostname="Akshata" name="com.PomDemo.LoginTest" tests="2" failures="0" timestamp="07 Feb 2021 05:47:59 GMT" time="47.512" errors="0">
  <testcase name="validLoginTest" time="26.209" classname="com.PomDemo.LoginTest"/>
  <testcase name="test02" time="21.303" classname="com.PomDemo.LoginTest"/>
</testsuite> <!-- com.PomDemo.LoginTest -->
